<?xml version="1.0" encoding="UTF-8"?>
<testsuite name="com.example.project.TipCalculatorTest" tests="3" skipped="0" failures="0" errors="0" timestamp="2024-09-20T12:30:45" hostname="codespaces-aa0cc5" time="0.329">
  <properties/>
  <testcase name="testCalculateTip2()" classname="com.example.project.TipCalculatorTest" time="0.257"/>
  <testcase name="testCalculateTip3()" classname="com.example.project.TipCalculatorTest" time="0.014"/>
  <testcase name="testCalculateTip()" classname="com.example.project.TipCalculatorTest" time="0.028"/>
  <system-out><![CDATA[]]></system-out>
  <system-err><![CDATA[]]></system-err>
</testsuite>
